Configuring syb-0.7...
Building syb-0.7...
Preprocessing library syb-0.7...
[ 1 of 16] Compiling Data.Generics.Instances ( src\Data\Generics\Instances.hs, .stack-work\dist\ca59d0ab\build\Data\Generics\Instances.o )
[ 2 of 16] Compiling Generics.SYB.Instances ( src\Generics\SYB\Instances.hs, .stack-work\dist\ca59d0ab\build\Generics\SYB\Instances.o )
[ 3 of 16] Compiling Data.Generics.Basics ( src\Data\Generics\Basics.hs, .stack-work\dist\ca59d0ab\build\Data\Generics\Basics.o )
[ 4 of 16] Compiling Generics.SYB.Basics ( src\Generics\SYB\Basics.hs, .stack-work\dist\ca59d0ab\build\Generics\SYB\Basics.o )
[ 5 of 16] Compiling Data.Generics.Aliases ( src\Data\Generics\Aliases.hs, .stack-work\dist\ca59d0ab\build\Data\Generics\Aliases.o )
[ 6 of 16] Compiling Data.Generics.Builders ( src\Data\Generics\Builders.hs, .stack-work\dist\ca59d0ab\build\Data\Generics\Builders.o )
[ 7 of 16] Compiling Generics.SYB.Builders ( src\Generics\SYB\Builders.hs, .stack-work\dist\ca59d0ab\build\Generics\SYB\Builders.o )
[ 8 of 16] Compiling Data.Generics.Schemes ( src\Data\Generics\Schemes.hs, .stack-work\dist\ca59d0ab\build\Data\Generics\Schemes.o )
[ 9 of 16] Compiling Generics.SYB.Schemes ( src\Generics\SYB\Schemes.hs, .stack-work\dist\ca59d0ab\build\Generics\SYB\Schemes.o )
[10 of 16] Compiling Data.Generics.Text ( src\Data\Generics\Text.hs, .stack-work\dist\ca59d0ab\build\Data\Generics\Text.o )
[11 of 16] Compiling Generics.SYB.Text ( src\Generics\SYB\Text.hs, .stack-work\dist\ca59d0ab\build\Generics\SYB\Text.o )
[12 of 16] Compiling Data.Generics.Twins ( src\Data\Generics\Twins.hs, .stack-work\dist\ca59d0ab\build\Data\Generics\Twins.o )
[13 of 16] Compiling Generics.SYB.Twins ( src\Generics\SYB\Twins.hs, .stack-work\dist\ca59d0ab\build\Generics\SYB\Twins.o )
[14 of 16] Compiling Generics.SYB.Aliases ( src\Generics\SYB\Aliases.hs, .stack-work\dist\ca59d0ab\build\Generics\SYB\Aliases.o )
[15 of 16] Compiling Data.Generics    ( src\Data\Generics.hs, .stack-work\dist\ca59d0ab\build\Data\Generics.o )
[16 of 16] Compiling Generics.SYB     ( src\Generics\SYB.hs, .stack-work\dist\ca59d0ab\build\Generics\SYB.o )
Installing library in
C:\sr\snapshots\6dde1a60\lib\x86_64-windows-ghc-8.0.2\syb-0.7-4OKdCpwGutyB1rNRmoa0ya
Registering syb-0.7...
